<?xml version="1.0" encoding="UTF-8"?>
<!-- Generated by org.testng.reporters.JUnitXMLReporter -->
<testsuite ignored="5" hostname="LAPTOP-U6AJGE7L" failures="0" tests="1" name="Default test" time="5.167" errors="0" timestamp="2025-02-05T19:22:44 IST">
  <testcase classname="visit.ictkerala.pages.HomePage_TestSuite" name="postValidate_welcomeHomePage" time="0.051"/>
  <testcase classname="visit.ictkerala.pages.HomePage_TestSuite" name="postValidate_homeButton" time="0.0">
    <ignored/>
  </testcase> <!-- postValidate_homeButton -->
  <testcase classname="visit.ictkerala.pages.HomePage_TestSuite" name="postValidate_studentSubmissionButton" time="0.0">
    <ignored/>
  </testcase> <!-- postValidate_studentSubmissionButton -->
  <testcase classname="visit.ictkerala.pages.HomePage_TestSuite" name="postValidate_ictkLogo" time="0.0">
    <ignored/>
  </testcase> <!-- postValidate_ictkLogo -->
  <testcase classname="visit.ictkerala.pages.HomePage_TestSuite" name="postValidate_loginButton" time="0.0">
    <ignored/>
  </testcase> <!-- postValidate_loginButton -->
  <testcase classname="visit.ictkerala.pages.HomePage_TestSuite" name="postValidate_urL" time="0.0">
    <ignored/>
  </testcase> <!-- postValidate_urL -->
</testsuite> <!-- Default test -->
