<?xml version="1.0" encoding="UTF-8"?>
<testng-results ignored="0" total="1" passed="1" failed="0" skipped="0">
  <reporter-output>
  </reporter-output>
  <suite started-at="2025-02-05T19:22:38 IST" name="Default suite" finished-at="2025-02-05T19:22:44 IST" duration-ms="5167">
    <groups>
    </groups>
    <test started-at="2025-02-05T19:22:38 IST" name="Default test" finished-at="2025-02-05T19:22:44 IST" duration-ms="5167">
      <class name="visit.ictkerala.pages.HomePage_TestSuite">
        <test-method is-config="true" signature="setBrowser()[pri:0, instance:visit.ictkerala.pages.HomePage_TestSuite@57bc27f5]" started-at="2025-02-05T19:22:38 IST" name="setBrowser" finished-at="2025-02-05T19:22:43 IST" duration-ms="4991" status="PASS">
          <reporter-output>
          </reporter-output>
        </test-method> <!-- setBrowser -->
        <test-method signature="postValidate_welcomeHomePage()[pri:2, instance:visit.ictkerala.pages.HomePage_TestSuite@57bc27f5]" started-at="2025-02-05T19:22:43 IST" name="postValidate_welcomeHomePage" finished-at="2025-02-05T19:22:43 IST" duration-ms="51" status="PASS">
          <reporter-output>
          </reporter-output>
        </test-method> <!-- postValidate_welcomeHomePage -->
        <test-method is-config="true" signature="browserQuit()[pri:0, instance:visit.ictkerala.pages.HomePage_TestSuite@57bc27f5]" started-at="2025-02-05T19:22:43 IST" name="browserQuit" finished-at="2025-02-05T19:22:44 IST" duration-ms="77" status="PASS">
          <reporter-output>
          </reporter-output>
        </test-method> <!-- browserQuit -->
      </class> <!-- visit.ictkerala.pages.HomePage_TestSuite -->
    </test> <!-- Default test -->
  </suite> <!-- Default suite -->
</testng-results>
